<?xml version="1.0" encoding="UTF-8"?>
<!-- Generated by org.testng.reporters.JUnitReportReporter -->
<testsuite skipped="0" hostname="B2-LAP-DKSINGH" name="ActionAndFramesSel.Google" tests="1" failures="0" timestamp="14 May 2018 10:03:36 GMT" time="7.334" errors="0">
  <testcase name="calulateBMI" time="7.334" classname="ActionAndFramesSel.Google"/>
</testsuite> <!-- ActionAndFramesSel.Google -->
