<?xml version="1.0" encoding="UTF-8"?>
<!-- Generated by org.testng.reporters.JUnitReportReporter -->
<testsuite skipped="0" hostname="B2-LAP-DKSINGH" name="ActionAndFramesSel.Nakari" tests="1" failures="0" timestamp="14 May 2018 08:20:13 GMT" time="6.144" errors="0">
  <testcase name="calulateBMI" time="6.144" classname="ActionAndFramesSel.Nakari"/>
</testsuite> <!-- ActionAndFramesSel.Nakari -->
