<?xml version="1.0" encoding="UTF-8"?>
<!-- Generated by org.testng.reporters.JUnitReportReporter -->
<testsuite skipped="0" hostname="B2-LAP-DKSINGH" name="com.GmailLogin.Calcbmi" tests="1" failures="0" timestamp="14 May 2018 08:20:13 GMT" time="6.536" errors="0">
  <testcase name="test" time="6.536" classname="com.GmailLogin.Calcbmi"/>
</testsuite> <!-- com.GmailLogin.Calcbmi -->
