<?xml version="1.0" encoding="UTF-8"?>
<!-- Generated by org.testng.reporters.JUnitReportReporter -->
<testsuite skipped="0" hostname="B2-LAP-DKSINGH" name="TestNG_Concept.TestNGPriority" tests="2" failures="0" timestamp="26 Apr 2018 07:43:23 GMT" time="0.008" errors="0">
  <testcase name="MobileLogin" time="0.008" classname="TestNG_Concept.TestNGPriority"/>
  <testcase name="weblogin" time="0.000" classname="TestNG_Concept.TestNGPriority"/>
</testsuite> <!-- TestNG_Concept.TestNGPriority -->
