<?xml version="1.0" encoding="UTF-8"?>
<!-- Generated by org.testng.reporters.JUnitReportReporter -->
<testsuite skipped="0" hostname="B2-LAP-DKSINGH" name="TestNGInclude.IncludeClass" tests="2" failures="0" timestamp="26 Apr 2018 07:43:23 GMT" time="0.000" errors="0">
  <testcase name="includeMe" time="0.000" classname="TestNGInclude.IncludeClass"/>
  <testcase name="includeMethod" time="0.000" classname="TestNGInclude.IncludeClass"/>
</testsuite> <!-- TestNGInclude.IncludeClass -->
