<?xml version="1.0" encoding="UTF-8"?>
<!-- Generated by org.testng.reporters.JUnitReportReporter -->
<testsuite skipped="0" hostname="B2-LAP-DKSINGH" name="DataDrivernClass.DataDriveing" tests="1" failures="0" timestamp="26 Apr 2018 09:40:16 GMT" time="0.015" errors="0">
  <testcase name="login" time="0.015" classname="DataDrivernClass.DataDriveing"/>
</testsuite> <!-- DataDrivernClass.DataDriveing -->
