<?xml version="1.0" encoding="UTF-8"?>
<!-- Generated by org.testng.reporters.JUnitReportReporter -->
<testsuite skipped="0" hostname="B2-LAP-DKSINGH" name="TestNG_Concept.TestNGPriority_p" tests="5" failures="0" timestamp="26 Apr 2018 07:43:23 GMT" time="0.000" errors="0">
  <testcase name="cartPage4" time="0.000" classname="TestNG_Concept.TestNGPriority_p"/>
  <testcase name="cartPage1" time="0.000" classname="TestNG_Concept.TestNGPriority_p"/>
  <testcase name="cartPage2" time="0.000" classname="TestNG_Concept.TestNGPriority_p"/>
  <testcase name="homePage" time="0.000" classname="TestNG_Concept.TestNGPriority_p"/>
  <testcase name="cartPage3" time="0.000" classname="TestNG_Concept.TestNGPriority_p"/>
</testsuite> <!-- TestNG_Concept.TestNGPriority_p -->
