<?xml version="1.0" encoding="UTF-8"?>
<!-- Generated by org.testng.reporters.JUnitReportReporter -->
<testsuite skipped="0" hostname="B2-LAP-DKSINGH" name="TestNGInclude.ExcludeClass" tests="2" failures="0" timestamp="26 Apr 2018 07:43:23 GMT" time="0.003" errors="0">
  <testcase name="execludeMethod" time="0.000" classname="TestNGInclude.ExcludeClass"/>
  <testcase name="execludeMe" time="0.003" classname="TestNGInclude.ExcludeClass"/>
</testsuite> <!-- TestNGInclude.ExcludeClass -->
