<?xml version="1.0" encoding="UTF-8"?>
<!-- Generated by org.testng.reporters.JUnitReportReporter -->
<testsuite skipped="0" hostname="B2-LAP-DKSINGH" name="TestNGInclude.DataProviderClass" tests="4" failures="0" timestamp="26 Apr 2018 07:43:23 GMT" time="0.006" errors="0">
  <testcase name="Validat" time="0.000" classname="TestNGInclude.DataProviderClass"/>
  <testcase name="Validat" time="0.003" classname="TestNGInclude.DataProviderClass"/>
  <testcase name="login" time="0.003" classname="TestNGInclude.DataProviderClass"/>
  <testcase name="Validat" time="0.000" classname="TestNGInclude.DataProviderClass"/>
</testsuite> <!-- TestNGInclude.DataProviderClass -->
